<?xml version="1.0" encoding="UTF-8"?>
<testsuite xmlns:xsi="http://www.w3.org/2001/XMLSchema-instance" xsi:noNamespaceSchemaLocation="https://maven.apache.org/surefire/maven-surefire-plugin/xsd/surefire-test-report-3.0.xsd" version="3.0" name="com.ecoskiller.mcp.jitsi.JitsiMcpServerTest" time="0.435" tests="35" errors="0" skipped="0" failures="0">
  <properties>
[...]
</properties>
  <testcase name="testFreeswitchPstnBridge_BridgeCaller" classname="com.ecoskiller.mcp.jitsi.JitsiMcpServerTest" time="0.051"/>
  <testcase name="testJitsiWebSession_GdConfig" classname="com.ecoskiller.mcp.jitsi.JitsiMcpServerTest" time="0.005"/>
  <testcase name="testSecurity_UnknownToolRejected" classname="com.ecoskiller.mcp.jitsi.JitsiMcpServerTest" time="0.003"/>
  <testcase name="testFreeswitchPstnBridge_ClientLost" classname="com.ecoskiller.mcp.jitsi.JitsiMcpServerTest" time="0.002"/>
  <testcase name="testCoturnNatTraversal_FirewallRules" classname="com.ecoskiller.mcp.jitsi.JitsiMcpServerTest" time="0.004"/>
  <testcase name="testGdSessionOrchestrator_StartGd" classname="com.ecoskiller.mcp.jitsi.JitsiMcpServerTest" time="0.008"/>
  <testcase name="testSecurity_ErrorSanitization" classname="com.ecoskiller.mcp.jitsi.JitsiMcpServerTest" time="0.003"/>
  <testcase name="testJicofoParticipantRouting_MuteAll" classname="com.ecoskiller.mcp.jitsi.JitsiMcpServerTest" time="0.002"/>
  <testcase name="testJitsiHealthMonitor_GdFailureRunbook" classname="com.ecoskiller.mcp.jitsi.JitsiMcpServerTest" time="0.005"/>
  <testcase name="testJvbStreamRouting_RouteStreams" classname="com.ecoskiller.mcp.jitsi.JitsiMcpServerTest" time="0.003"/>
  <testcase name="testJicofoParticipantRouting_UnmuteParticipant" classname="com.ecoskiller.mcp.jitsi.JitsiMcpServerTest" time="0.002"/>
  <testcase name="testJicofoRoomLifecycle_CreateRoom" classname="com.ecoskiller.mcp.jitsi.JitsiMcpServerTest" time="0.003"/>
  <testcase name="testMediaSecurityAudit_Encryption" classname="com.ecoskiller.mcp.jitsi.JitsiMcpServerTest" time="0.004"/>
  <testcase name="testJitsiHealthMonitor_QosDashboard" classname="com.ecoskiller.mcp.jitsi.JitsiMcpServerTest" time="0.002"/>
  <testcase name="testGdSessionOrchestrator_AdvanceTurn" classname="com.ecoskiller.mcp.jitsi.JitsiMcpServerTest" time="0.005"/>
  <testcase name="testJvbStreamRouting_SimulcastLayer" classname="com.ecoskiller.mcp.jitsi.JitsiMcpServerTest" time="0.001"/>
  <testcase name="testSecurity_InjectionBlocked" classname="com.ecoskiller.mcp.jitsi.JitsiMcpServerTest" time="0.003"/>
  <testcase name="testSecurity_ArgumentDepthBomb" classname="com.ecoskiller.mcp.jitsi.JitsiMcpServerTest" time="0.02"/>
  <testcase name="testJvbQualityMetrics_FullReport" classname="com.ecoskiller.mcp.jitsi.JitsiMcpServerTest" time="0.003"/>
  <testcase name="testSecurity_XmppInjectionBlocked" classname="com.ecoskiller.mcp.jitsi.JitsiMcpServerTest" time="0.002"/>
  <testcase name="testCoturnNatTraversal_RelayStats" classname="com.ecoskiller.mcp.jitsi.JitsiMcpServerTest" time="0.002"/>
  <testcase name="testMediaSecurityAudit_FullReport" classname="com.ecoskiller.mcp.jitsi.JitsiMcpServerTest" time="0.001"/>
  <testcase name="testProsodyXmppSignalling_ComponentStatus" classname="com.ecoskiller.mcp.jitsi.JitsiMcpServerTest" time="0.002"/>
  <testcase name="testJitsiWebSession_ProdDomain" classname="com.ecoskiller.mcp.jitsi.JitsiMcpServerTest" time="0.002"/>
  <testcase name="testProsodyJwtValidation_MalformedJwt" classname="com.ecoskiller.mcp.jitsi.JitsiMcpServerTest" time="0.003"/>
  <testcase name="testProsodyXmppSignalling_MucStatus" classname="com.ecoskiller.mcp.jitsi.JitsiMcpServerTest" time="0.001"/>
  <testcase name="testJitsiWebSession_ValidateConfigFail" classname="com.ecoskiller.mcp.jitsi.JitsiMcpServerTest" time="0.002"/>
  <testcase name="testProsodyJwtValidation_TooLong" classname="com.ecoskiller.mcp.jitsi.JitsiMcpServerTest" time="0.007"/>
  <testcase name="testMcpProtocol_Initialize" classname="com.ecoskiller.mcp.jitsi.JitsiMcpServerTest" time="0.003"/>
  <testcase name="testProsodyJwtValidation_ValidToken" classname="com.ecoskiller.mcp.jitsi.JitsiMcpServerTest" time="0.003"/>
  <testcase name="testJvbQualityMetrics_Bitrate" classname="com.ecoskiller.mcp.jitsi.JitsiMcpServerTest" time="0.001"/>
  <testcase name="testSecurity_OversizedInput" classname="com.ecoskiller.mcp.jitsi.JitsiMcpServerTest" time="0.004"/>
  <testcase name="testJicofoRoomLifecycle_GdAudioOnlyPolicy" classname="com.ecoskiller.mcp.jitsi.JitsiMcpServerTest" time="0.001"/>
  <testcase name="testMcpProtocol_ToolsListCount" classname="com.ecoskiller.mcp.jitsi.JitsiMcpServerTest" time="0.004"/>
  <testcase name="testJvbStreamRouting_SuspendTrack" classname="com.ecoskiller.mcp.jitsi.JitsiMcpServerTest" time="0.001"/>
</testsuite>