<?xml version="1.0" encoding="UTF-8"?>
<testsuite xmlns:xsi="http://www.w3.org/2001/XMLSchema-instance" xsi:noNamespaceSchemaLocation="https://maven.apache.org/surefire/maven-surefire-plugin/xsd/surefire-test-report-3.0.xsd" version="3.0" name="com.ecoskiller.mcp.redis.McpRedisServerTest" time="1.393" tests="18" errors="0" skipped="0" failures="0">
  <properties>
[...]
</properties>
  <testcase name="testRegistryHas20Tools" classname="com.ecoskiller.mcp.redis.McpRedisServerTest" time="0.019">
    <system-err><![CDATA[2026-05-19 16:48:50.659 [main] INFO  c.e.mcp.redis.config.RedisConfig - Redis config: host=localhost:64816, tls=false, db=0, pool=20, prefix=ecoskiller
]]></system-err>
  </testcase>
  <testcase name="testAllToolsHaveSchemas" classname="com.ecoskiller.mcp.redis.McpRedisServerTest" time="0.004"/>
  <testcase name="testInitializeProtocol" classname="com.ecoskiller.mcp.redis.McpRedisServerTest" time="0.069">
    <system-err><![CDATA[2026-05-19 16:48:50.710 [main] INFO  c.e.mcp.redis.config.RedisConfig - Redis config: host=localhost:64816, tls=false, db=0, pool=20, prefix=ecoskiller
2026-05-19 16:48:50.711 [main] INFO  c.e.mcp.redis.config.RedisConfig - Redis config: host=localhost:64816, tls=false, db=0, pool=20, prefix=ecoskiller
2026-05-19 16:48:50.763 [main] INFO  c.e.mcp.redis.McpRedisServer - Client connected — protocolVersion=2024-11-05
]]></system-err>
  </testcase>
  <testcase name="testToolsListProtocol" classname="com.ecoskiller.mcp.redis.McpRedisServerTest" time="0.01">
    <system-err><![CDATA[2026-05-19 16:48:50.780 [main] INFO  c.e.mcp.redis.config.RedisConfig - Redis config: host=localhost:64816, tls=false, db=0, pool=20, prefix=ecoskiller
2026-05-19 16:48:50.781 [main] INFO  c.e.mcp.redis.config.RedisConfig - Redis config: host=localhost:64816, tls=false, db=0, pool=20, prefix=ecoskiller
]]></system-err>
  </testcase>
  <testcase name="testCacheSetAndGet" classname="com.ecoskiller.mcp.redis.McpRedisServerTest" time="0.348">
    <system-err><![CDATA[2026-05-19 16:48:51.003 [main] INFO  c.e.mcp.redis.config.RedisConfig - Jedis connection pool initialised (maxTotal=20)
]]></system-err>
  </testcase>
  <testcase name="testCacheGetMiss" classname="com.ecoskiller.mcp.redis.McpRedisServerTest" time="0.005"/>
  <testcase name="testCacheDelete" classname="com.ecoskiller.mcp.redis.McpRedisServerTest" time="0.007"/>
  <testcase name="testCacheMGet" classname="com.ecoskiller.mcp.redis.McpRedisServerTest" time="0.008"/>
  <testcase name="testSessionLifecycle" classname="com.ecoskiller.mcp.redis.McpRedisServerTest" time="0.012"/>
  <testcase name="testLeaderboard" classname="com.ecoskiller.mcp.redis.McpRedisServerTest" time="0.03"/>
  <testcase name="testRateLimit" classname="com.ecoskiller.mcp.redis.McpRedisServerTest" time="0.107"/>
  <testcase name="testCounters" classname="com.ecoskiller.mcp.redis.McpRedisServerTest" time="0.01"/>
  <testcase name="testPubSubPublish" classname="com.ecoskiller.mcp.redis.McpRedisServerTest" time="0.005"/>
  <testcase name="testPubSubInvalidChannelRejected" classname="com.ecoskiller.mcp.redis.McpRedisServerTest" time="0.002"/>
  <testcase name="testDistributedLock" classname="com.ecoskiller.mcp.redis.McpRedisServerTest" time="0.061"/>
  <testcase name="testRedisHealth" classname="com.ecoskiller.mcp.redis.McpRedisServerTest" time="0.004"/>
  <testcase name="testKeyInjectionPrevented" classname="com.ecoskiller.mcp.redis.McpRedisServerTest" time="0.001"/>
  <testcase name="testFlushNamespaceRequiresConfirm" classname="com.ecoskiller.mcp.redis.McpRedisServerTest" time="0.002"/>
</testsuite>