<?xml version="1.0" encoding="UTF-8"?>
<testsuite xmlns:xsi="http://www.w3.org/2001/XMLSchema-instance" xsi:noNamespaceSchemaLocation="https://maven.apache.org/surefire/maven-surefire-plugin/xsd/surefire-test-report-3.0.xsd" version="3.0" name="com.ecoskiller.mcp.redis.RedisStateMcpServerTest" time="0.409" tests="32" errors="0" skipped="0" failures="0">
  <properties>
[...]
</properties>
  <testcase name="testInitialize" classname="com.ecoskiller.mcp.redis.RedisStateMcpServerTest" time="0.066">
    <system-err><![CDATA[May 19, 2026 5:03:27 PM com.ecoskiller.mcp.redis.security.AuditLogger <init>
WARNING: [Audit] Cannot open audit log at /tmp/redis-mcp-test-audit.log — falling back to stderr. Reason: \tmp\redis-mcp-test-audit.log (The system cannot find the path specified)
{"event":"MCP_REQUEST","env":"test","tool":"initialize","ts":"2026-05-19T11:33:27.299222Z"}
May 19, 2026 5:03:27 PM com.ecoskiller.mcp.redis.RedisStateMcpServer handleInitialize
INFO: [MCP] Client initialized — null
]]></system-err>
  </testcase>
  <testcase name="testPing" classname="com.ecoskiller.mcp.redis.RedisStateMcpServerTest" time="0.004">
    <system-err><![CDATA[May 19, 2026 5:03:27 PM com.ecoskiller.mcp.redis.security.AuditLogger <init>
WARNING: [Audit] Cannot open audit log at /tmp/redis-mcp-test-audit.log — falling back to stderr. Reason: \tmp\redis-mcp-test-audit.log (The system cannot find the path specified)
{"event":"MCP_REQUEST","env":"test","tool":"ping","ts":"2026-05-19T11:33:27.323391200Z"}
]]></system-err>
  </testcase>
  <testcase name="testToolsList_Returns18Tools" classname="com.ecoskiller.mcp.redis.RedisStateMcpServerTest" time="0.013">
    <system-err><![CDATA[May 19, 2026 5:03:27 PM com.ecoskiller.mcp.redis.security.AuditLogger <init>
WARNING: [Audit] Cannot open audit log at /tmp/redis-mcp-test-audit.log — falling back to stderr. Reason: \tmp\redis-mcp-test-audit.log (The system cannot find the path specified)
{"event":"MCP_REQUEST","env":"test","tool":"tools/list","ts":"2026-05-19T11:33:27.329757200Z"}
]]></system-err>
  </testcase>
  <testcase name="testToolsList_AllToolsHaveRequiredFields" classname="com.ecoskiller.mcp.redis.RedisStateMcpServerTest" time="0.004">
    <system-err><![CDATA[May 19, 2026 5:03:27 PM com.ecoskiller.mcp.redis.security.AuditLogger <init>
WARNING: [Audit] Cannot open audit log at /tmp/redis-mcp-test-audit.log — falling back to stderr. Reason: \tmp\redis-mcp-test-audit.log (The system cannot find the path specified)
{"event":"MCP_REQUEST","env":"test","tool":"tools/list","ts":"2026-05-19T11:33:27.342919400Z"}
]]></system-err>
  </testcase>
  <testcase name="testUnknownMethod_ReturnsError" classname="com.ecoskiller.mcp.redis.RedisStateMcpServerTest" time="0.003">
    <system-err><![CDATA[May 19, 2026 5:03:27 PM com.ecoskiller.mcp.redis.security.AuditLogger <init>
WARNING: [Audit] Cannot open audit log at /tmp/redis-mcp-test-audit.log — falling back to stderr. Reason: \tmp\redis-mcp-test-audit.log (The system cannot find the path specified)
{"event":"MCP_REQUEST","env":"test","tool":"unknown/method","ts":"2026-05-19T11:33:27.347706600Z"}
]]></system-err>
  </testcase>
  <testcase name="testUnknownTool_ReturnsError" classname="com.ecoskiller.mcp.redis.RedisStateMcpServerTest" time="0.003">
    <system-err><![CDATA[May 19, 2026 5:03:27 PM com.ecoskiller.mcp.redis.security.AuditLogger <init>
WARNING: [Audit] Cannot open audit log at /tmp/redis-mcp-test-audit.log — falling back to stderr. Reason: \tmp\redis-mcp-test-audit.log (The system cannot find the path specified)
{"event":"MCP_REQUEST","env":"test","tool":"tools/call","ts":"2026-05-19T11:33:27.352244700Z"}
]]></system-err>
  </testcase>
  <testcase name="testSecurity_InvalidTenantId_Rejected" classname="com.ecoskiller.mcp.redis.RedisStateMcpServerTest" time="0.006">
    <system-err><![CDATA[May 19, 2026 5:03:27 PM com.ecoskiller.mcp.redis.security.AuditLogger <init>
WARNING: [Audit] Cannot open audit log at /tmp/redis-mcp-test-audit.log — falling back to stderr. Reason: \tmp\redis-mcp-test-audit.log (The system cannot find the path specified)
{"event":"MCP_REQUEST","env":"test","tool":"tools/call","ts":"2026-05-19T11:33:27.355773700Z"}
{"detail":"Invalid tenant_id '../../etc/passwd' \u2014 must match [a-zA-Z0-9\\-]{1,64}","event":"SECURITY_VIOLATION","env":"test","tool":"gd_session_state","tenant":"../../etc/passwd","ts":"2026-05-19T11:33:27.358983500Z","status":"BLOCKED"}
]]></system-err>
  </testcase>
  <testcase name="testSecurity_WildcardInSessionId_Rejected" classname="com.ecoskiller.mcp.redis.RedisStateMcpServerTest" time="0.002">
    <system-err><![CDATA[May 19, 2026 5:03:27 PM com.ecoskiller.mcp.redis.security.AuditLogger <init>
WARNING: [Audit] Cannot open audit log at /tmp/redis-mcp-test-audit.log — falling back to stderr. Reason: \tmp\redis-mcp-test-audit.log (The system cannot find the path specified)
{"event":"MCP_REQUEST","env":"test","tool":"tools/call","ts":"2026-05-19T11:33:27.362372100Z"}
{"detail":"Invalid session_id 'sess*' \u2014 must match [a-zA-Z0-9\\-_]{1,128}","event":"SECURITY_VIOLATION","env":"test","tool":"gd_session_state","tenant":"tenant123","ts":"2026-05-19T11:33:27.362372100Z","status":"BLOCKED"}
]]></system-err>
  </testcase>
  <testcase name="testSecurity_InvalidOtpType_Rejected" classname="com.ecoskiller.mcp.redis.RedisStateMcpServerTest" time="0.003">
    <system-err><![CDATA[May 19, 2026 5:03:27 PM com.ecoskiller.mcp.redis.security.AuditLogger <init>
WARNING: [Audit] Cannot open audit log at /tmp/redis-mcp-test-audit.log — falling back to stderr. Reason: \tmp\redis-mcp-test-audit.log (The system cannot find the path specified)
{"event":"MCP_REQUEST","env":"test","tool":"tools/call","ts":"2026-05-19T11:33:27.365064Z"}
{"detail":"otp_type must be one of [mfa, login, media_room], got: hacked_type","event":"SECURITY_VIOLATION","env":"test","tool":"otp_store","tenant":"tenant123","ts":"2026-05-19T11:33:27.366042900Z","status":"BLOCKED"}
]]></system-err>
  </testcase>
  <testcase name="testSecurity_TtlOutOfRange_Rejected" classname="com.ecoskiller.mcp.redis.RedisStateMcpServerTest" time="0.004">
    <system-err><![CDATA[May 19, 2026 5:03:27 PM com.ecoskiller.mcp.redis.security.AuditLogger <init>
WARNING: [Audit] Cannot open audit log at /tmp/redis-mcp-test-audit.log — falling back to stderr. Reason: \tmp\redis-mcp-test-audit.log (The system cannot find the path specified)
{"event":"MCP_REQUEST","env":"test","tool":"tools/call","ts":"2026-05-19T11:33:27.370602800Z"}
{"detail":"ttl_seconds must be between 1 and 604800 (7 days)","event":"SECURITY_VIOLATION","env":"test","tool":"tenant_config_cache","tenant":"tenant123","ts":"2026-05-19T11:33:27.370602800Z","status":"BLOCKED"}
]]></system-err>
  </testcase>
  <testcase name="testSecurity_OversizedValue_Rejected" classname="com.ecoskiller.mcp.redis.RedisStateMcpServerTest" time="0.027">
    <system-err><![CDATA[May 19, 2026 5:03:27 PM com.ecoskiller.mcp.redis.security.AuditLogger <init>
WARNING: [Audit] Cannot open audit log at /tmp/redis-mcp-test-audit.log — falling back to stderr. Reason: \tmp\redis-mcp-test-audit.log (The system cannot find the path specified)
{"event":"MCP_REQUEST","env":"test","tool":"tools/call","ts":"2026-05-19T11:33:27.376067200Z"}
May 19, 2026 5:03:27 PM com.ecoskiller.mcp.redis.config.RedisClient connect
INFO: [Redis] Connected to 127.0.0.1:55554 TLS=false DB=0
{"event":"TOOL_CALL","env":"test","tool":"session_affinity","tenant":"tenant123","ts":"2026-05-19T11:33:27.398455200Z","status":"OK"}
]]></system-err>
  </testcase>
  <testcase name="testGdSessionState_Get" classname="com.ecoskiller.mcp.redis.RedisStateMcpServerTest" time="0.006">
    <system-err><![CDATA[May 19, 2026 5:03:27 PM com.ecoskiller.mcp.redis.security.AuditLogger <init>
WARNING: [Audit] Cannot open audit log at /tmp/redis-mcp-test-audit.log — falling back to stderr. Reason: \tmp\redis-mcp-test-audit.log (The system cannot find the path specified)
{"event":"MCP_REQUEST","env":"test","tool":"tools/call","ts":"2026-05-19T11:33:27.402475500Z"}
May 19, 2026 5:03:27 PM com.ecoskiller.mcp.redis.config.RedisClient connect
INFO: [Redis] Connected to 127.0.0.1:55554 TLS=false DB=0
{"event":"TOOL_CALL","env":"test","tool":"gd_session_state","tenant":"acme","ts":"2026-05-19T11:33:27.405491700Z","status":"OK"}
]]></system-err>
  </testcase>
  <testcase name="testGdSessionState_Set" classname="com.ecoskiller.mcp.redis.RedisStateMcpServerTest" time="0.005">
    <system-err><![CDATA[May 19, 2026 5:03:27 PM com.ecoskiller.mcp.redis.security.AuditLogger <init>
WARNING: [Audit] Cannot open audit log at /tmp/redis-mcp-test-audit.log — falling back to stderr. Reason: \tmp\redis-mcp-test-audit.log (The system cannot find the path specified)
{"event":"MCP_REQUEST","env":"test","tool":"tools/call","ts":"2026-05-19T11:33:27.409263800Z"}
May 19, 2026 5:03:27 PM com.ecoskiller.mcp.redis.config.RedisClient connect
INFO: [Redis] Connected to 127.0.0.1:55554 TLS=false DB=0
{"event":"TOOL_CALL","env":"test","tool":"gd_session_state","tenant":"acme","ts":"2026-05-19T11:33:27.411085200Z","status":"OK"}
]]></system-err>
  </testcase>
  <testcase name="testGdTimer_Start" classname="com.ecoskiller.mcp.redis.RedisStateMcpServerTest" time="0.008">
    <system-err><![CDATA[May 19, 2026 5:03:27 PM com.ecoskiller.mcp.redis.security.AuditLogger <init>
WARNING: [Audit] Cannot open audit log at /tmp/redis-mcp-test-audit.log — falling back to stderr. Reason: \tmp\redis-mcp-test-audit.log (The system cannot find the path specified)
{"event":"MCP_REQUEST","env":"test","tool":"tools/call","ts":"2026-05-19T11:33:27.415641800Z"}
May 19, 2026 5:03:27 PM com.ecoskiller.mcp.redis.config.RedisClient connect
INFO: [Redis] Connected to 127.0.0.1:55554 TLS=false DB=0
{"event":"TOOL_CALL","env":"test","tool":"gd_timer","tenant":"acme","ts":"2026-05-19T11:33:27.420608100Z","status":"OK"}
]]></system-err>
  </testcase>
  <testcase name="testGdTimer_Remaining" classname="com.ecoskiller.mcp.redis.RedisStateMcpServerTest" time="0.007">
    <system-err><![CDATA[May 19, 2026 5:03:27 PM com.ecoskiller.mcp.redis.security.AuditLogger <init>
WARNING: [Audit] Cannot open audit log at /tmp/redis-mcp-test-audit.log — falling back to stderr. Reason: \tmp\redis-mcp-test-audit.log (The system cannot find the path specified)
{"event":"MCP_REQUEST","env":"test","tool":"tools/call","ts":"2026-05-19T11:33:27.423902700Z"}
May 19, 2026 5:03:27 PM com.ecoskiller.mcp.redis.config.RedisClient connect
INFO: [Redis] Connected to 127.0.0.1:55554 TLS=false DB=0
{"event":"TOOL_CALL","env":"test","tool":"gd_timer","tenant":"acme","ts":"2026-05-19T11:33:27.428595100Z","status":"OK"}
]]></system-err>
  </testcase>
  <testcase name="testGdQueue_Operations" classname="com.ecoskiller.mcp.redis.RedisStateMcpServerTest" time="0.01">
    <system-err><![CDATA[May 19, 2026 5:03:27 PM com.ecoskiller.mcp.redis.security.AuditLogger <init>
WARNING: [Audit] Cannot open audit log at /tmp/redis-mcp-test-audit.log — falling back to stderr. Reason: \tmp\redis-mcp-test-audit.log (The system cannot find the path specified)
{"event":"MCP_REQUEST","env":"test","tool":"tools/call","ts":"2026-05-19T11:33:27.431870400Z"}
May 19, 2026 5:03:27 PM com.ecoskiller.mcp.redis.config.RedisClient connect
INFO: [Redis] Connected to 127.0.0.1:55554 TLS=false DB=0
{"event":"TOOL_CALL","env":"test","tool":"gd_queue","tenant":"acme","ts":"2026-05-19T11:33:27.434026400Z","status":"OK"}
May 19, 2026 5:03:27 PM com.ecoskiller.mcp.redis.security.AuditLogger <init>
WARNING: [Audit] Cannot open audit log at /tmp/redis-mcp-test-audit.log — falling back to stderr. Reason: \tmp\redis-mcp-test-audit.log (The system cannot find the path specified)
{"event":"MCP_REQUEST","env":"test","tool":"tools/call","ts":"2026-05-19T11:33:27.435651600Z"}
May 19, 2026 5:03:27 PM com.ecoskiller.mcp.redis.config.RedisClient connect
INFO: [Redis] Connected to 127.0.0.1:55554 TLS=false DB=0
{"event":"TOOL_CALL","env":"test","tool":"gd_queue","tenant":"acme","ts":"2026-05-19T11:33:27.437318400Z","status":"OK"}
May 19, 2026 5:03:27 PM com.ecoskiller.mcp.redis.security.AuditLogger <init>
WARNING: [Audit] Cannot open audit log at /tmp/redis-mcp-test-audit.log — falling back to stderr. Reason: \tmp\redis-mcp-test-audit.log (The system cannot find the path specified)
{"event":"MCP_REQUEST","env":"test","tool":"tools/call","ts":"2026-05-19T11:33:27.438410800Z"}
May 19, 2026 5:03:27 PM com.ecoskiller.mcp.redis.config.RedisClient connect
INFO: [Redis] Connected to 127.0.0.1:55554 TLS=false DB=0
{"event":"TOOL_CALL","env":"test","tool":"gd_queue","tenant":"acme","ts":"2026-05-19T11:33:27.440004400Z","status":"OK"}
]]></system-err>
  </testcase>
  <testcase name="testOtpStore_StoreAndVerify" classname="com.ecoskiller.mcp.redis.RedisStateMcpServerTest" time="0.012">
    <system-err><![CDATA[May 19, 2026 5:03:27 PM com.ecoskiller.mcp.redis.security.AuditLogger <init>
WARNING: [Audit] Cannot open audit log at /tmp/redis-mcp-test-audit.log — falling back to stderr. Reason: \tmp\redis-mcp-test-audit.log (The system cannot find the path specified)
{"event":"MCP_REQUEST","env":"test","tool":"tools/call","ts":"2026-05-19T11:33:27.443115Z"}
May 19, 2026 5:03:27 PM com.ecoskiller.mcp.redis.config.RedisClient connect
INFO: [Redis] Connected to 127.0.0.1:55554 TLS=false DB=0
{"event":"TOOL_CALL","env":"test","tool":"otp_store","tenant":"acme","ts":"2026-05-19T11:33:27.446306500Z","status":"OK"}
May 19, 2026 5:03:27 PM com.ecoskiller.mcp.redis.security.AuditLogger <init>
WARNING: [Audit] Cannot open audit log at /tmp/redis-mcp-test-audit.log — falling back to stderr. Reason: \tmp\redis-mcp-test-audit.log (The system cannot find the path specified)
{"event":"MCP_REQUEST","env":"test","tool":"tools/call","ts":"2026-05-19T11:33:27.446839300Z"}
May 19, 2026 5:03:27 PM com.ecoskiller.mcp.redis.config.RedisClient connect
INFO: [Redis] Connected to 127.0.0.1:55554 TLS=false DB=0
{"event":"TOOL_CALL","env":"test","tool":"otp_store","tenant":"acme","ts":"2026-05-19T11:33:27.452493500Z","status":"OK"}
]]></system-err>
  </testcase>
  <testcase name="testDistributedLock_AcquireAndRelease" classname="com.ecoskiller.mcp.redis.RedisStateMcpServerTest" time="0.058">
    <system-err><![CDATA[May 19, 2026 5:03:27 PM com.ecoskiller.mcp.redis.security.AuditLogger <init>
WARNING: [Audit] Cannot open audit log at /tmp/redis-mcp-test-audit.log — falling back to stderr. Reason: \tmp\redis-mcp-test-audit.log (The system cannot find the path specified)
{"event":"MCP_REQUEST","env":"test","tool":"tools/call","ts":"2026-05-19T11:33:27.456239700Z"}
May 19, 2026 5:03:27 PM com.ecoskiller.mcp.redis.config.RedisClient connect
INFO: [Redis] Connected to 127.0.0.1:55554 TLS=false DB=0
{"event":"TOOL_CALL","env":"test","tool":"distributed_lock","tenant":"acme","ts":"2026-05-19T11:33:27.508949200Z","status":"OK"}
May 19, 2026 5:03:27 PM com.ecoskiller.mcp.redis.security.AuditLogger <init>
WARNING: [Audit] Cannot open audit log at /tmp/redis-mcp-test-audit.log — falling back to stderr. Reason: \tmp\redis-mcp-test-audit.log (The system cannot find the path specified)
{"event":"MCP_REQUEST","env":"test","tool":"tools/call","ts":"2026-05-19T11:33:27.509943600Z"}
May 19, 2026 5:03:27 PM com.ecoskiller.mcp.redis.config.RedisClient connect
INFO: [Redis] Connected to 127.0.0.1:55554 TLS=false DB=0
{"event":"TOOL_CALL","env":"test","tool":"distributed_lock","tenant":"acme","ts":"2026-05-19T11:33:27.511947Z","status":"OK"}
]]></system-err>
  </testcase>
  <testcase name="testRateLimit_IncrementAndCheck" classname="com.ecoskiller.mcp.redis.RedisStateMcpServerTest" time="0.008">
    <system-err><![CDATA[May 19, 2026 5:03:27 PM com.ecoskiller.mcp.redis.security.AuditLogger <init>
WARNING: [Audit] Cannot open audit log at /tmp/redis-mcp-test-audit.log — falling back to stderr. Reason: \tmp\redis-mcp-test-audit.log (The system cannot find the path specified)
{"event":"MCP_REQUEST","env":"test","tool":"tools/call","ts":"2026-05-19T11:33:27.515948600Z"}
May 19, 2026 5:03:27 PM com.ecoskiller.mcp.redis.config.RedisClient connect
INFO: [Redis] Connected to 127.0.0.1:55554 TLS=false DB=0
{"event":"TOOL_CALL","env":"test","tool":"rate_limit","tenant":"acme","ts":"2026-05-19T11:33:27.522069700Z","status":"OK"}
]]></system-err>
  </testcase>
  <testcase name="testLeaderboard_UpdateAndRank" classname="com.ecoskiller.mcp.redis.RedisStateMcpServerTest" time="0.006">
    <system-err><![CDATA[May 19, 2026 5:03:27 PM com.ecoskiller.mcp.redis.security.AuditLogger <init>
WARNING: [Audit] Cannot open audit log at /tmp/redis-mcp-test-audit.log — falling back to stderr. Reason: \tmp\redis-mcp-test-audit.log (The system cannot find the path specified)
{"event":"MCP_REQUEST","env":"test","tool":"tools/call","ts":"2026-05-19T11:33:27.525170800Z"}
May 19, 2026 5:03:27 PM com.ecoskiller.mcp.redis.config.RedisClient connect
INFO: [Redis] Connected to 127.0.0.1:55554 TLS=false DB=0
{"event":"TOOL_CALL","env":"test","tool":"leaderboard","tenant":"acme","ts":"2026-05-19T11:33:27.529429900Z","status":"OK"}
]]></system-err>
  </testcase>
  <testcase name="testInterviewTimer_StartAndRemaining" classname="com.ecoskiller.mcp.redis.RedisStateMcpServerTest" time="0.006">
    <system-err><![CDATA[May 19, 2026 5:03:27 PM com.ecoskiller.mcp.redis.security.AuditLogger <init>
WARNING: [Audit] Cannot open audit log at /tmp/redis-mcp-test-audit.log — falling back to stderr. Reason: \tmp\redis-mcp-test-audit.log (The system cannot find the path specified)
{"event":"MCP_REQUEST","env":"test","tool":"tools/call","ts":"2026-05-19T11:33:27.533036100Z"}
May 19, 2026 5:03:27 PM com.ecoskiller.mcp.redis.config.RedisClient connect
INFO: [Redis] Connected to 127.0.0.1:55554 TLS=false DB=0
{"event":"TOOL_CALL","env":"test","tool":"interview_timer","tenant":"acme","ts":"2026-05-19T11:33:27.536994300Z","status":"OK"}
]]></system-err>
  </testcase>
  <testcase name="testSessionAffinity_StoreAndRetrieve" classname="com.ecoskiller.mcp.redis.RedisStateMcpServerTest" time="0.007">
    <system-err><![CDATA[May 19, 2026 5:03:27 PM com.ecoskiller.mcp.redis.security.AuditLogger <init>
WARNING: [Audit] Cannot open audit log at /tmp/redis-mcp-test-audit.log — falling back to stderr. Reason: \tmp\redis-mcp-test-audit.log (The system cannot find the path specified)
{"event":"MCP_REQUEST","env":"test","tool":"tools/call","ts":"2026-05-19T11:33:27.540068200Z"}
May 19, 2026 5:03:27 PM com.ecoskiller.mcp.redis.config.RedisClient connect
INFO: [Redis] Connected to 127.0.0.1:55554 TLS=false DB=0
{"event":"TOOL_CALL","env":"test","tool":"session_affinity","tenant":"acme","ts":"2026-05-19T11:33:27.542644800Z","status":"OK"}
May 19, 2026 5:03:27 PM com.ecoskiller.mcp.redis.security.AuditLogger <init>
WARNING: [Audit] Cannot open audit log at /tmp/redis-mcp-test-audit.log — falling back to stderr. Reason: \tmp\redis-mcp-test-audit.log (The system cannot find the path specified)
{"event":"MCP_REQUEST","env":"test","tool":"tools/call","ts":"2026-05-19T11:33:27.543733200Z"}
May 19, 2026 5:03:27 PM com.ecoskiller.mcp.redis.config.RedisClient connect
INFO: [Redis] Connected to 127.0.0.1:55554 TLS=false DB=0
{"event":"TOOL_CALL","env":"test","tool":"session_affinity","tenant":"acme","ts":"2026-05-19T11:33:27.545745600Z","status":"OK"}
]]></system-err>
  </testcase>
  <testcase name="testDojoMatch_StateAndAttempts" classname="com.ecoskiller.mcp.redis.RedisStateMcpServerTest" time="0.009">
    <system-err><![CDATA[May 19, 2026 5:03:27 PM com.ecoskiller.mcp.redis.security.AuditLogger <init>
WARNING: [Audit] Cannot open audit log at /tmp/redis-mcp-test-audit.log — falling back to stderr. Reason: \tmp\redis-mcp-test-audit.log (The system cannot find the path specified)
{"event":"MCP_REQUEST","env":"test","tool":"tools/call","ts":"2026-05-19T11:33:27.548687900Z"}
May 19, 2026 5:03:27 PM com.ecoskiller.mcp.redis.config.RedisClient connect
INFO: [Redis] Connected to 127.0.0.1:55554 TLS=false DB=0
{"event":"TOOL_CALL","env":"test","tool":"dojo_match","tenant":"acme","ts":"2026-05-19T11:33:27.551897600Z","status":"OK"}
May 19, 2026 5:03:27 PM com.ecoskiller.mcp.redis.security.AuditLogger <init>
WARNING: [Audit] Cannot open audit log at /tmp/redis-mcp-test-audit.log — falling back to stderr. Reason: \tmp\redis-mcp-test-audit.log (The system cannot find the path specified)
{"event":"MCP_REQUEST","env":"test","tool":"tools/call","ts":"2026-05-19T11:33:27.553114500Z"}
May 19, 2026 5:03:27 PM com.ecoskiller.mcp.redis.config.RedisClient connect
INFO: [Redis] Connected to 127.0.0.1:55554 TLS=false DB=0
{"event":"TOOL_CALL","env":"test","tool":"dojo_match","tenant":"acme","ts":"2026-05-19T11:33:27.555244500Z","status":"OK"}
]]></system-err>
  </testcase>
  <testcase name="testTenantConfigCache_SetAndGet" classname="com.ecoskiller.mcp.redis.RedisStateMcpServerTest" time="0.008">
    <system-err><![CDATA[May 19, 2026 5:03:27 PM com.ecoskiller.mcp.redis.security.AuditLogger <init>
WARNING: [Audit] Cannot open audit log at /tmp/redis-mcp-test-audit.log — falling back to stderr. Reason: \tmp\redis-mcp-test-audit.log (The system cannot find the path specified)
{"event":"MCP_REQUEST","env":"test","tool":"tools/call","ts":"2026-05-19T11:33:27.558488300Z"}
May 19, 2026 5:03:27 PM com.ecoskiller.mcp.redis.config.RedisClient connect
INFO: [Redis] Connected to 127.0.0.1:55554 TLS=false DB=0
{"event":"TOOL_CALL","env":"test","tool":"tenant_config_cache","tenant":"acme","ts":"2026-05-19T11:33:27.560689900Z","status":"OK"}
May 19, 2026 5:03:27 PM com.ecoskiller.mcp.redis.security.AuditLogger <init>
WARNING: [Audit] Cannot open audit log at /tmp/redis-mcp-test-audit.log — falling back to stderr. Reason: \tmp\redis-mcp-test-audit.log (The system cannot find the path specified)
{"event":"MCP_REQUEST","env":"test","tool":"tools/call","ts":"2026-05-19T11:33:27.561762300Z"}
May 19, 2026 5:03:27 PM com.ecoskiller.mcp.redis.config.RedisClient connect
INFO: [Redis] Connected to 127.0.0.1:55554 TLS=false DB=0
{"event":"TOOL_CALL","env":"test","tool":"tenant_config_cache","tenant":"acme","ts":"2026-05-19T11:33:27.563894200Z","status":"OK"}
]]></system-err>
  </testcase>
  <testcase name="testPubSubBroadcast_SessionEvent" classname="com.ecoskiller.mcp.redis.RedisStateMcpServerTest" time="0.008">
    <system-err><![CDATA[May 19, 2026 5:03:27 PM com.ecoskiller.mcp.redis.security.AuditLogger <init>
WARNING: [Audit] Cannot open audit log at /tmp/redis-mcp-test-audit.log — falling back to stderr. Reason: \tmp\redis-mcp-test-audit.log (The system cannot find the path specified)
{"event":"MCP_REQUEST","env":"test","tool":"tools/call","ts":"2026-05-19T11:33:27.567063500Z"}
May 19, 2026 5:03:27 PM com.ecoskiller.mcp.redis.config.RedisClient connect
INFO: [Redis] Connected to 127.0.0.1:55554 TLS=false DB=0
{"event":"TOOL_CALL","env":"test","tool":"pubsub_broadcast","tenant":"acme","ts":"2026-05-19T11:33:27.573158200Z","status":"OK"}
]]></system-err>
  </testcase>
  <testcase name="testKeyspaceNotification_Check" classname="com.ecoskiller.mcp.redis.RedisStateMcpServerTest" time="0.004">
    <system-err><![CDATA[May 19, 2026 5:03:27 PM com.ecoskiller.mcp.redis.security.AuditLogger <init>
WARNING: [Audit] Cannot open audit log at /tmp/redis-mcp-test-audit.log — falling back to stderr. Reason: \tmp\redis-mcp-test-audit.log (The system cannot find the path specified)
{"event":"MCP_REQUEST","env":"test","tool":"tools/call","ts":"2026-05-19T11:33:27.575964500Z"}
May 19, 2026 5:03:27 PM com.ecoskiller.mcp.redis.config.RedisClient connect
INFO: [Redis] Connected to 127.0.0.1:55554 TLS=false DB=0
{"event":"TOOL_CALL","env":"test","tool":"keyspace_notification","tenant":"unknown","ts":"2026-05-19T11:33:27.578094400Z","status":"OK"}
]]></system-err>
  </testcase>
  <testcase name="testHealthCheck_Basic" classname="com.ecoskiller.mcp.redis.RedisStateMcpServerTest" time="0.003">
    <system-err><![CDATA[May 19, 2026 5:03:27 PM com.ecoskiller.mcp.redis.security.AuditLogger <init>
WARNING: [Audit] Cannot open audit log at /tmp/redis-mcp-test-audit.log — falling back to stderr. Reason: \tmp\redis-mcp-test-audit.log (The system cannot find the path specified)
{"event":"MCP_REQUEST","env":"test","tool":"tools/call","ts":"2026-05-19T11:33:27.581006800Z"}
May 19, 2026 5:03:27 PM com.ecoskiller.mcp.redis.config.RedisClient connect
INFO: [Redis] Connected to 127.0.0.1:55554 TLS=false DB=0
{"event":"TOOL_CALL","env":"test","tool":"health_check","tenant":"unknown","ts":"2026-05-19T11:33:27.582521600Z","status":"OK"}
]]></system-err>
  </testcase>
  <testcase name="testKeyInspect_OtpMasked" classname="com.ecoskiller.mcp.redis.RedisStateMcpServerTest" time="0.003">
    <system-err><![CDATA[May 19, 2026 5:03:27 PM com.ecoskiller.mcp.redis.security.AuditLogger <init>
WARNING: [Audit] Cannot open audit log at /tmp/redis-mcp-test-audit.log — falling back to stderr. Reason: \tmp\redis-mcp-test-audit.log (The system cannot find the path specified)
{"event":"MCP_REQUEST","env":"test","tool":"tools/call","ts":"2026-05-19T11:33:27.585547700Z"}
May 19, 2026 5:03:27 PM com.ecoskiller.mcp.redis.config.RedisClient connect
INFO: [Redis] Connected to 127.0.0.1:55554 TLS=false DB=0
{"event":"TOOL_CALL","env":"test","tool":"key_inspect","tenant":"acme","ts":"2026-05-19T11:33:27.587558600Z","status":"OK"}
]]></system-err>
  </testcase>
  <testcase name="testBillingMeter_IncrementAndGet" classname="com.ecoskiller.mcp.redis.RedisStateMcpServerTest" time="0.01">
    <system-err><![CDATA[May 19, 2026 5:03:27 PM com.ecoskiller.mcp.redis.security.AuditLogger <init>
WARNING: [Audit] Cannot open audit log at /tmp/redis-mcp-test-audit.log — falling back to stderr. Reason: \tmp\redis-mcp-test-audit.log (The system cannot find the path specified)
{"event":"MCP_REQUEST","env":"test","tool":"tools/call","ts":"2026-05-19T11:33:27.591588600Z"}
May 19, 2026 5:03:27 PM com.ecoskiller.mcp.redis.config.RedisClient connect
INFO: [Redis] Connected to 127.0.0.1:55554 TLS=false DB=0
{"event":"TOOL_CALL","env":"test","tool":"billing_meter","tenant":"acme","ts":"2026-05-19T11:33:27.594196700Z","status":"OK"}
May 19, 2026 5:03:27 PM com.ecoskiller.mcp.redis.security.AuditLogger <init>
WARNING: [Audit] Cannot open audit log at /tmp/redis-mcp-test-audit.log — falling back to stderr. Reason: \tmp\redis-mcp-test-audit.log (The system cannot find the path specified)
{"event":"MCP_REQUEST","env":"test","tool":"tools/call","ts":"2026-05-19T11:33:27.596416500Z"}
May 19, 2026 5:03:27 PM com.ecoskiller.mcp.redis.config.RedisClient connect
INFO: [Redis] Connected to 127.0.0.1:55554 TLS=false DB=0
{"event":"TOOL_CALL","env":"test","tool":"billing_meter","tenant":"acme","ts":"2026-05-19T11:33:27.598431100Z","status":"OK"}
]]></system-err>
  </testcase>
  <testcase name="testBackupStatus_CheckRpo" classname="com.ecoskiller.mcp.redis.RedisStateMcpServerTest" time="0.005">
    <system-err><![CDATA[May 19, 2026 5:03:27 PM com.ecoskiller.mcp.redis.security.AuditLogger <init>
WARNING: [Audit] Cannot open audit log at /tmp/redis-mcp-test-audit.log — falling back to stderr. Reason: \tmp\redis-mcp-test-audit.log (The system cannot find the path specified)
{"event":"MCP_REQUEST","env":"test","tool":"tools/call","ts":"2026-05-19T11:33:27.601743700Z"}
May 19, 2026 5:03:27 PM com.ecoskiller.mcp.redis.config.RedisClient connect
INFO: [Redis] Connected to 127.0.0.1:55554 TLS=false DB=0
{"event":"TOOL_CALL","env":"test","tool":"backup_status","tenant":"unknown","ts":"2026-05-19T11:33:27.605442200Z","status":"OK"}
]]></system-err>
  </testcase>
  <testcase name="testTenantKeyFlush_DryRunOnly" classname="com.ecoskiller.mcp.redis.RedisStateMcpServerTest" time="0.004">
    <system-err><![CDATA[May 19, 2026 5:03:27 PM com.ecoskiller.mcp.redis.security.AuditLogger <init>
WARNING: [Audit] Cannot open audit log at /tmp/redis-mcp-test-audit.log — falling back to stderr. Reason: \tmp\redis-mcp-test-audit.log (The system cannot find the path specified)
{"event":"MCP_REQUEST","env":"test","tool":"tools/call","ts":"2026-05-19T11:33:27.608034400Z"}
{"event":"TOOL_CALL","env":"test","tool":"tenant_key_flush","tenant":"acme","ts":"2026-05-19T11:33:27.609041700Z","status":"OK"}
]]></system-err>
  </testcase>
  <testcase name="testTenantKeyFlush_RequiresConfirm" classname="com.ecoskiller.mcp.redis.RedisStateMcpServerTest" time="0.002">
    <system-err><![CDATA[May 19, 2026 5:03:27 PM com.ecoskiller.mcp.redis.security.AuditLogger <init>
WARNING: [Audit] Cannot open audit log at /tmp/redis-mcp-test-audit.log — falling back to stderr. Reason: \tmp\redis-mcp-test-audit.log (The system cannot find the path specified)
{"event":"MCP_REQUEST","env":"test","tool":"tools/call","ts":"2026-05-19T11:33:27.612036100Z"}
{"event":"TOOL_CALL","env":"test","tool":"tenant_key_flush","tenant":"acme","ts":"2026-05-19T11:33:27.612036100Z","status":"OK"}
]]></system-err>
  </testcase>
</testsuite>