<?xml version="1.0" encoding="UTF-8"?>
<testsuite xmlns:xsi="http://www.w3.org/2001/XMLSchema-instance" xsi:noNamespaceSchemaLocation="https://maven.apache.org/surefire/maven-surefire-plugin/xsd/surefire-test-report-3.0.xsd" version="3.0" name="io.ecoskiller.royalty.RoyaltyLedgerMcpServerTest" time="0.7" tests="28" errors="1" skipped="0" failures="2">
  <properties>
[...]
</properties>
  <testcase name="testInitialize" classname="io.ecoskiller.royalty.RoyaltyLedgerMcpServerTest" time="0.074">
    <system-out><![CDATA[✅ initialize: PASS
]]></system-out>
    <system-err><![CDATA[May 19, 2026 5:12:43 PM io.ecoskiller.royalty.config.ServerConfig load
WARNING: ⚠ ROYALTY_JWT_SECRET not set — using insecure dev default. DO NOT USE IN PRODUCTION.
May 19, 2026 5:12:43 PM io.ecoskiller.royalty.config.ServerConfig load
INFO: RoyaltyConfig loaded: domain=ecoskiller.io payoutThreshold=₹5000.0 tds=10.0%
May 19, 2026 5:12:43 PM io.ecoskiller.royalty.server.RoyaltyLedgerMcpServer <init>
INFO: RoyaltyLedgerMcpServer initialised — 16 agents loaded.
[AUDIT] INFO | INITIALIZE | actor=server | MCP handshake | ts=2026-05-19T11:42:43.852652800Z
]]></system-err>
  </testcase>
  <testcase name="testPing" classname="io.ecoskiller.royalty.RoyaltyLedgerMcpServerTest" time="0.004">
    <system-out><![CDATA[✅ ping: PASS
]]></system-out>
  </testcase>
  <testcase name="testToolsList_16Agents" classname="io.ecoskiller.royalty.RoyaltyLedgerMcpServerTest" time="0.014">
    <system-out><![CDATA[✅ tools/list — 16 agents: PASS
]]></system-out>
  </testcase>
  <testcase name="testIpRegister" classname="io.ecoskiller.royalty.RoyaltyLedgerMcpServerTest" time="0.098">
    <failure message="expected: &lt;success&gt; but was: &lt;registered&gt;" type="org.opentest4j.AssertionFailedError"><![CDATA[org.opentest4j.AssertionFailedError: expected: <success> but was: <registered>
	at org.junit.jupiter.api.AssertionFailureBuilder.build(AssertionFailureBuilder.java:151)
	at org.junit.jupiter.api.AssertionFailureBuilder.buildAndThrow(AssertionFailureBuilder.java:132)
	at org.junit.jupiter.api.AssertEquals.failNotEqual(AssertEquals.java:197)
	at org.junit.jupiter.api.AssertEquals.assertEquals(AssertEquals.java:182)
	at org.junit.jupiter.api.AssertEquals.assertEquals(AssertEquals.java:177)
	at org.junit.jupiter.api.Assertions.assertEquals(Assertions.java:1145)
	at io.ecoskiller.royalty.RoyaltyLedgerMcpServerTest.testIpRegister(RoyaltyLedgerMcpServerTest.java:70)
	at java.base/java.lang.reflect.Method.invoke(Method.java:580)
	at java.base/java.util.ArrayList.forEach(ArrayList.java:1596)
	at java.base/java.util.ArrayList.forEach(ArrayList.java:1596)
]]></failure>
    <system-err><![CDATA[[AUDIT] INFO | TOOL_CALL | actor=test.token | ip_register | ts=2026-05-19T11:42:43.925344200Z
[AUDIT] INFO | IP_REGISTER | actor=cre-abc123 | type=problem hash=sha256:abc123def4567 | ts=2026-05-19T11:42:43.925344200Z
]]></system-err>
  </testcase>
  <testcase name="testIpRegister_InvalidHash_Rejected" classname="io.ecoskiller.royalty.RoyaltyLedgerMcpServerTest" time="0.005">
    <system-out><![CDATA[✅ ip_register hash validation: PASS
]]></system-out>
    <system-err><![CDATA[[AUDIT] INFO | TOOL_CALL | actor=t | ip_register | ts=2026-05-19T11:42:44.016214200Z
[AUDIT] ERROR | SECURITY_VIOLATION | actor=t | ip_register: Invalid content_hash format. Expected sha256:/sha512: prefix + hex  | ts=2026-05-19T11:42:44.017308Z
]]></system-err>
  </testcase>
  <testcase name="testIpRegister_InvalidType_Rejected" classname="io.ecoskiller.royalty.RoyaltyLedgerMcpServerTest" time="0.004">
    <system-out><![CDATA[✅ ip_register type validation: PASS
]]></system-out>
    <system-err><![CDATA[[AUDIT] INFO | TOOL_CALL | actor=t | ip_register | ts=2026-05-19T11:42:44.021001300Z
[AUDIT] ERROR | SECURITY_VIOLATION | actor=t | ip_register: Invalid ip_type 'malicious_type'. Allowed: problem|interview_questi | ts=2026-05-19T11:42:44.022075900Z
]]></system-err>
  </testcase>
  <testcase name="testRoyaltyAccrue_Valid" classname="io.ecoskiller.royalty.RoyaltyLedgerMcpServerTest" time="0.014">
    <system-out><![CDATA[✅ royalty_accrue (valid): PASS  — royalty=₹13.5
]]></system-out>
    <system-err><![CDATA[[AUDIT] INFO | TOOL_CALL | actor=t | royalty_accrue | ts=2026-05-19T11:42:44.026938500Z
[AUDIT] INFO | ROYALTY_ACCRUE | actor=cre-xyz | event=evt-001 ip=ip-abc123 amount=₹13.5 tier=tier2 | ts=2026-05-19T11:42:44.032913800Z
]]></system-err>
  </testcase>
  <testcase name="testRoyaltyAccrue_SelfSubmission_Blocked" classname="io.ecoskiller.royalty.RoyaltyLedgerMcpServerTest" time="0.004">
    <system-out><![CDATA[✅ royalty_accrue self-submission blocked: PASS
]]></system-out>
    <system-err><![CDATA[[AUDIT] INFO | TOOL_CALL | actor=t | royalty_accrue | ts=2026-05-19T11:42:44.040916900Z
[AUDIT] WARN | SELF_SUBMISSION_FRAUD | actor=cre-self | ip_id=ip-abc event=evt-002 | ts=2026-05-19T11:42:44.040916900Z
]]></system-err>
  </testcase>
  <testcase name="testRoyaltyAccrue_Tier3_HigherRate" classname="io.ecoskiller.royalty.RoyaltyLedgerMcpServerTest" time="0.006">
    <system-out><![CDATA[✅ royalty_accrue tier3 rate (₹16): PASS
]]></system-out>
    <system-err><![CDATA[[AUDIT] INFO | TOOL_CALL | actor=t | royalty_accrue | ts=2026-05-19T11:42:44.046262100Z
[AUDIT] INFO | ROYALTY_ACCRUE | actor=cre-1 | event=evt-003 ip=ip-1 amount=₹16.0 tier=tier3 | ts=2026-05-19T11:42:44.046957400Z
]]></system-err>
  </testcase>
  <testcase name="testLedgerEntriesQuery" classname="io.ecoskiller.royalty.RoyaltyLedgerMcpServerTest" time="0.016">
    <system-out><![CDATA[✅ ledger_entries_query: PASS
]]></system-out>
    <system-err><![CDATA[[AUDIT] INFO | TOOL_CALL | actor=t | ledger_entries_query | ts=2026-05-19T11:42:44.054274800Z
[AUDIT] INFO | LEDGER_QUERY | actor=cre-abc | account=creator_balance from=2026-01-01 limit=50 | ts=2026-05-19T11:42:44.059385600Z
]]></system-err>
  </testcase>
  <testcase name="testLedgerQuery_BadDate_Rejected" classname="io.ecoskiller.royalty.RoyaltyLedgerMcpServerTest" time="0.005">
    <system-out><![CDATA[✅ ledger date format validation: PASS
]]></system-out>
    <system-err><![CDATA[[AUDIT] INFO | TOOL_CALL | actor=t | ledger_entries_query | ts=2026-05-19T11:42:44.070774Z
[AUDIT] ERROR | AGENT_ERROR | actor=t | ledger_entries_query: date_from must be YYYY-MM-DD format, got: 01/01/2026 | ts=2026-05-19T11:42:44.072965700Z
]]></system-err>
  </testcase>
  <testcase name="testPayoutRequest" classname="io.ecoskiller.royalty.RoyaltyLedgerMcpServerTest" time="0.012">
    <failure message="expected: &lt;success&gt; but was: &lt;scheduled&gt;" type="org.opentest4j.AssertionFailedError"><![CDATA[org.opentest4j.AssertionFailedError: expected: <success> but was: <scheduled>
	at org.junit.jupiter.api.AssertionFailureBuilder.build(AssertionFailureBuilder.java:151)
	at org.junit.jupiter.api.AssertionFailureBuilder.buildAndThrow(AssertionFailureBuilder.java:132)
	at org.junit.jupiter.api.AssertEquals.failNotEqual(AssertEquals.java:197)
	at org.junit.jupiter.api.AssertEquals.assertEquals(AssertEquals.java:182)
	at org.junit.jupiter.api.AssertEquals.assertEquals(AssertEquals.java:177)
	at org.junit.jupiter.api.Assertions.assertEquals(Assertions.java:1145)
	at io.ecoskiller.royalty.RoyaltyLedgerMcpServerTest.testPayoutRequest(RoyaltyLedgerMcpServerTest.java:182)
	at java.base/java.lang.reflect.Method.invoke(Method.java:580)
	at java.base/java.util.ArrayList.forEach(ArrayList.java:1596)
	at java.base/java.util.ArrayList.forEach(ArrayList.java:1596)
]]></failure>
    <system-err><![CDATA[[AUDIT] INFO | TOOL_CALL | actor=t | payout_request | ts=2026-05-19T11:42:44.076759400Z
[AUDIT] INFO | PAYOUT_REQUEST | actor=cre-abc | type=manual gross=₹15000.0 tds=₹0.0 net=₹15000.0 | ts=2026-05-19T11:42:44.080071800Z
]]></system-err>
  </testcase>
  <testcase name="testPayoutRequest_ForeignCreator" classname="io.ecoskiller.royalty.RoyaltyLedgerMcpServerTest" time="0.004">
    <system-out><![CDATA[✅ payout_request foreign TDS 30%: PASS
]]></system-out>
    <system-err><![CDATA[[AUDIT] INFO | TOOL_CALL | actor=t | payout_request | ts=2026-05-19T11:42:44.090975400Z
[AUDIT] INFO | PAYOUT_REQUEST | actor=cre-foreign | type=manual gross=₹15000.0 tds=₹4500.0 net=₹10500.0 | ts=2026-05-19T11:42:44.091486300Z
]]></system-err>
  </testcase>
  <testcase name="testTaxComplianceCalculate" classname="io.ecoskiller.royalty.RoyaltyLedgerMcpServerTest" time="0.008">
    <system-out><![CDATA[✅ tax_compliance_calculate (₹60k, 10% TDS): PASS
]]></system-out>
    <system-err><![CDATA[[AUDIT] INFO | TOOL_CALL | actor=t | tax_compliance_calculate | ts=2026-05-19T11:42:44.098241200Z
[AUDIT] INFO | TAX_CALC | actor=cre-1 | quarter=Q1-2026 gross=₹60000.0 tds=₹6000.0 gst=₹0.0 | ts=2026-05-19T11:42:44.101362100Z
]]></system-err>
  </testcase>
  <testcase name="testTaxComplianceCalculate_Exempt" classname="io.ecoskiller.royalty.RoyaltyLedgerMcpServerTest" time="0.005">
    <system-out><![CDATA[✅ tax_compliance nonprofit exemption: PASS
]]></system-out>
    <system-err><![CDATA[[AUDIT] INFO | TOOL_CALL | actor=t | tax_compliance_calculate | ts=2026-05-19T11:42:44.107092200Z
[AUDIT] INFO | TAX_CALC | actor=ngo-1 | quarter=Q1-2026 gross=₹100000.0 tds=₹0.0 gst=₹0.0 | ts=2026-05-19T11:42:44.107600600Z
]]></system-err>
  </testcase>
  <testcase name="testIpChallengeSubmit" classname="io.ecoskiller.royalty.RoyaltyLedgerMcpServerTest" time="0.007">
    <system-out><![CDATA[✅ ip_challenge_submit: PASS
]]></system-out>
    <system-err><![CDATA[[AUDIT] INFO | TOOL_CALL | actor=t | ip_challenge_submit | ts=2026-05-19T11:42:44.111991600Z
[AUDIT] WARN | IP_CHALLENGE | actor=cre-challenger | ip_id=ip-abc123 evidence=sha256:abcdef1234567 | ts=2026-05-19T11:42:44.112652100Z
]]></system-err>
  </testcase>
  <testcase name="testFraudDetection_BotVelocity" classname="io.ecoskiller.royalty.RoyaltyLedgerMcpServerTest" time="0.008">
    <system-out><![CDATA[✅ fraud_detection bot velocity: PASS
]]></system-out>
    <system-err><![CDATA[[AUDIT] INFO | TOOL_CALL | actor=t | fraud_detection_check | ts=2026-05-19T11:42:44.120074300Z
[AUDIT] INFO | FRAUD_CHECK | actor=cre-bot | check=velocity subLastMin=150 | ts=2026-05-19T11:42:44.125118100Z
[AUDIT] WARN | BOT_VELOCITY_FRAUD | actor=cre-bot | rate=150/min | ts=2026-05-19T11:42:44.125722800Z
]]></system-err>
  </testcase>
  <testcase name="testFraudDetection_SelfSubmission" classname="io.ecoskiller.royalty.RoyaltyLedgerMcpServerTest" time="0.004">
    <system-out><![CDATA[✅ fraud_detection self-submission: PASS
]]></system-out>
    <system-err><![CDATA[[AUDIT] INFO | TOOL_CALL | actor=t | fraud_detection_check | ts=2026-05-19T11:42:44.130254400Z
[AUDIT] INFO | FRAUD_CHECK | actor=cre-x | check=self_submission subLastMin=0 | ts=2026-05-19T11:42:44.130778300Z
[AUDIT] WARN | SELF_SUBMISSION | actor=cre-x | user_id=cre-x | ts=2026-05-19T11:42:44.131289400Z
]]></system-err>
  </testcase>
  <testcase name="testCreatorTierManage" classname="io.ecoskiller.royalty.RoyaltyLedgerMcpServerTest" time="0.004">
    <system-out><![CDATA[✅ creator_tier_manage (tier3 at ₹30k+4.5★): PASS
]]></system-out>
    <system-err><![CDATA[[AUDIT] INFO | TOOL_CALL | actor=t | creator_tier_manage | ts=2026-05-19T11:42:44.137010500Z
[AUDIT] INFO | CREATOR_TIER | actor=cre-expert | op=get_tier earnings=₹30000.0 rating=4.5 | ts=2026-05-19T11:42:44.138010400Z
]]></system-err>
  </testcase>
  <testcase name="testCreatorTier_Demotion_Fraud" classname="io.ecoskiller.royalty.RoyaltyLedgerMcpServerTest" time="0.005">
    <system-out><![CDATA[✅ creator_tier demotion on fraud: PASS
]]></system-out>
    <system-err><![CDATA[[AUDIT] INFO | TOOL_CALL | actor=t | creator_tier_manage | ts=2026-05-19T11:42:44.143560600Z
[AUDIT] INFO | CREATOR_TIER | actor=cre-fraud | op=apply_demotion earnings=₹30000.0 rating=4.5 | ts=2026-05-19T11:42:44.144070300Z
]]></system-err>
  </testcase>
  <testcase name="testSplitConfigManage" classname="io.ecoskiller.royalty.RoyaltyLedgerMcpServerTest" time="0.012">
    <error message="Cannot invoke &quot;com.fasterxml.jackson.databind.JsonNode.get(String)&quot; because the return value of &quot;com.fasterxml.jackson.databind.JsonNode.get(String)&quot; is null" type="java.lang.NullPointerException"><![CDATA[java.lang.NullPointerException: Cannot invoke "com.fasterxml.jackson.databind.JsonNode.get(String)" because the return value of "com.fasterxml.jackson.databind.JsonNode.get(String)" is null
	at io.ecoskiller.royalty.RoyaltyLedgerMcpServerTest.content(RoyaltyLedgerMcpServerTest.java:390)
	at io.ecoskiller.royalty.RoyaltyLedgerMcpServerTest.testSplitConfigManage(RoyaltyLedgerMcpServerTest.java:310)
	at java.base/java.lang.reflect.Method.invoke(Method.java:580)
	at java.base/java.util.ArrayList.forEach(ArrayList.java:1596)
	at java.base/java.util.ArrayList.forEach(ArrayList.java:1596)
]]></error>
    <system-out><![CDATA[DEBUG split_config_manage response: {"jsonrpc":"2.0","id":null,"error":{"code":-32700,"message":"Parse error: Unexpected character ('c' (code 99)): was expecting comma to separate Object entries\n at [Source: REDACTED (`StreamReadFeature.INCLUDE_SOURCE_IN_LOCATION` disabled); line: 6, column: 21]"}}
]]></system-out>
  </testcase>
  <testcase name="testEarningsReport" classname="io.ecoskiller.royalty.RoyaltyLedgerMcpServerTest" time="0.005">
    <system-out><![CDATA[✅ earnings_report: PASS
]]></system-out>
    <system-err><![CDATA[[AUDIT] INFO | TOOL_CALL | actor=t | earnings_report | ts=2026-05-19T11:42:44.167653900Z
[AUDIT] INFO | EARNINGS_REPORT | actor=cre-abc | type=monthly_summary from= | ts=2026-05-19T11:42:44.167653900Z
]]></system-err>
  </testcase>
  <testcase name="testServiceHealth" classname="io.ecoskiller.royalty.RoyaltyLedgerMcpServerTest" time="0.004">
    <system-out><![CDATA[✅ service_health: PASS
]]></system-out>
    <system-err><![CDATA[[AUDIT] INFO | TOOL_CALL | actor=t | service_health | ts=2026-05-19T11:42:44.171653300Z
[AUDIT] INFO | HEALTH_CHECK | actor=system | type=full | ts=2026-05-19T11:42:44.172651700Z
]]></system-err>
  </testcase>
  <testcase name="testAuditLogQuery" classname="io.ecoskiller.royalty.RoyaltyLedgerMcpServerTest" time="0.004">
    <system-out><![CDATA[✅ audit_log_query: PASS
]]></system-out>
    <system-err><![CDATA[[AUDIT] INFO | TOOL_CALL | actor=t | audit_log_query | ts=2026-05-19T11:42:44.177093800Z
[AUDIT] INFO | AUDIT_QUERY | actor=admin | filter=ALL severity=ALL | ts=2026-05-19T11:42:44.177093800Z
]]></system-err>
  </testcase>
  <testcase name="testAllAgentsHaveJwtAndDescription" classname="io.ecoskiller.royalty.RoyaltyLedgerMcpServerTest" time="0.007">
    <system-out><![CDATA[✅ all 16 agents: description + jwt_token: PASS
]]></system-out>
  </testcase>
  <testcase name="testMalformedJson" classname="io.ecoskiller.royalty.RoyaltyLedgerMcpServerTest" time="0.001">
    <system-out><![CDATA[✅ malformed JSON -32700: PASS
]]></system-out>
  </testcase>
  <testcase name="testUnknownMethod" classname="io.ecoskiller.royalty.RoyaltyLedgerMcpServerTest" time="0.003">
    <system-out><![CDATA[✅ unknown method -32601: PASS
]]></system-out>
  </testcase>
  <testcase name="testSqlInjectionInCreatorId" classname="io.ecoskiller.royalty.RoyaltyLedgerMcpServerTest" time="0.008">
    <system-out><![CDATA[✅ SQL injection in creator_id: PASS
]]></system-out>
    <system-err><![CDATA[[AUDIT] INFO | TOOL_CALL | actor=t | creator_balance_get | ts=2026-05-19T11:42:44.200061900Z
[AUDIT] ERROR | SECURITY_VIOLATION | actor=t | creator_balance_get: Invalid creator_id format: '; DROP TABLE ip_registry; -- | ts=2026-05-19T11:42:44.201595700Z
]]></system-err>
  </testcase>
</testsuite>