<?xml version="1.0" encoding="UTF-8"?>
<testsuite xmlns:xsi="http://www.w3.org/2001/XMLSchema-instance" xsi:noNamespaceSchemaLocation="https://maven.apache.org/surefire/maven-surefire-plugin/xsd/surefire-test-report-3.0.xsd" version="3.0" name="io.ecoskiller.recruiter.RecruiterMcpServerTest" time="0.469" tests="26" errors="0" skipped="0" failures="0">
  <properties>
[...]
</properties>
  <testcase name="testInitialize" classname="io.ecoskiller.recruiter.RecruiterMcpServerTest" time="0.061">
    <system-out><![CDATA[✅ initialize: PASS
]]></system-out>
    <system-err><![CDATA[May 19, 2026 5:04:01 PM io.ecoskiller.recruiter.config.ServerConfig load
WARNING: ⚠ RECRUITER_JWT_SECRET not set — using insecure dev default. DO NOT USE IN PRODUCTION.
May 19, 2026 5:04:01 PM io.ecoskiller.recruiter.config.ServerConfig load
INFO: RecruiterConfig loaded: domain=ecoskiller.io rps=50 audit=true
May 19, 2026 5:04:01 PM io.ecoskiller.recruiter.server.RecruiterMcpServer <init>
INFO: RecruiterMcpServer initialised — 18 agents loaded.
[AUDIT] INFO | INITIALIZE | actor=server | MCP handshake | ts=2026-05-19T11:34:01.338432200Z
]]></system-err>
  </testcase>
  <testcase name="testPing" classname="io.ecoskiller.recruiter.RecruiterMcpServerTest" time="0.003">
    <system-out><![CDATA[✅ ping: PASS
]]></system-out>
  </testcase>
  <testcase name="testToolsList_18Agents" classname="io.ecoskiller.recruiter.RecruiterMcpServerTest" time="0.008">
    <system-out><![CDATA[✅ tools/list — 18 agents: PASS
]]></system-out>
  </testcase>
  <testcase name="testAccountOnboard" classname="io.ecoskiller.recruiter.RecruiterMcpServerTest" time="0.065">
    <system-out><![CDATA[✅ recruiter_account_onboard: PASS
]]></system-out>
    <system-err><![CDATA[[AUDIT] INFO | TOOL_CALL | actor=test.jwt.token | recruiter_account_onboard | ts=2026-05-19T11:34:01.396556500Z
[AUDIT] INFO | RECRUITER_ONBOARD | actor=recruiter@company.com | company=company-abc tier=professional | ts=2026-05-19T11:34:01.397557200Z
]]></system-err>
  </testcase>
  <testcase name="testAccountOnboard_InvalidEmail_Rejected" classname="io.ecoskiller.recruiter.RecruiterMcpServerTest" time="0.004">
    <system-out><![CDATA[✅ email validation guard: PASS
]]></system-out>
    <system-err><![CDATA[[AUDIT] INFO | TOOL_CALL | actor=t | recruiter_account_onboard | ts=2026-05-19T11:34:01.450555Z
[AUDIT] ERROR | SECURITY_VIOLATION | actor=t | recruiter_account_onboard: Invalid email format: not-an-email | ts=2026-05-19T11:34:01.450555Z
]]></system-err>
  </testcase>
  <testcase name="testAccountOnboard_InvalidTier_Rejected" classname="io.ecoskiller.recruiter.RecruiterMcpServerTest" time="0.004">
    <system-out><![CDATA[✅ subscription tier validation: PASS
]]></system-out>
    <system-err><![CDATA[[AUDIT] INFO | TOOL_CALL | actor=t | recruiter_account_onboard | ts=2026-05-19T11:34:01.457293800Z
[AUDIT] ERROR | SECURITY_VIOLATION | actor=t | recruiter_account_onboard: Invalid subscription tier 'hacker_tier'. Allowed: sta | ts=2026-05-19T11:34:01.458573100Z
]]></system-err>
  </testcase>
  <testcase name="testProfileGet" classname="io.ecoskiller.recruiter.RecruiterMcpServerTest" time="0.004">
    <system-out><![CDATA[✅ recruiter_profile_get: PASS
]]></system-out>
    <system-err><![CDATA[[AUDIT] INFO | TOOL_CALL | actor=test.token | recruiter_profile_get | ts=2026-05-19T11:34:01.463595400Z
[AUDIT] INFO | PROFILE_GET | actor=rec-abc123 | include_team=false | ts=2026-05-19T11:34:01.464115500Z
]]></system-err>
  </testcase>
  <testcase name="testDashboardGet" classname="io.ecoskiller.recruiter.RecruiterMcpServerTest" time="0.005">
    <system-out><![CDATA[✅ recruiter_dashboard_get: PASS
]]></system-out>
    <system-err><![CDATA[[AUDIT] INFO | TOOL_CALL | actor=tok | recruiter_dashboard_get | ts=2026-05-19T11:34:01.467428100Z
[AUDIT] INFO | DASHBOARD_GET | actor=rec-abc123 | force_refresh=false | ts=2026-05-19T11:34:01.468064800Z
]]></system-err>
  </testcase>
  <testcase name="testApplicationsList_WithFilters" classname="io.ecoskiller.recruiter.RecruiterMcpServerTest" time="0.005">
    <system-out><![CDATA[✅ recruiter_applications_list: PASS
]]></system-out>
    <system-err><![CDATA[[AUDIT] INFO | TOOL_CALL | actor=tok | recruiter_applications_list | ts=2026-05-19T11:34:01.474194Z
[AUDIT] INFO | APPLICATIONS_LIST | actor=rec-abc123 | status=assessed page=10 | ts=2026-05-19T11:34:01.476856700Z
]]></system-err>
  </testcase>
  <testcase name="testApplicationsList_InvalidStatus_Rejected" classname="io.ecoskiller.recruiter.RecruiterMcpServerTest" time="0.006">
    <system-out><![CDATA[✅ status filter validation: PASS
]]></system-out>
    <system-err><![CDATA[[AUDIT] INFO | TOOL_CALL | actor=tok | recruiter_applications_list | ts=2026-05-19T11:34:01.480052200Z
[AUDIT] ERROR | AGENT_ERROR | actor=tok | recruiter_applications_list: Invalid value 'hacked_status' for 'status_filter'.  | ts=2026-05-19T11:34:01.483986900Z
]]></system-err>
  </testcase>
  <testcase name="testCandidateSave" classname="io.ecoskiller.recruiter.RecruiterMcpServerTest" time="0.005">
    <system-out><![CDATA[✅ recruiter_candidate_save: PASS
]]></system-out>
    <system-err><![CDATA[[AUDIT] INFO | TOOL_CALL | actor=tok | recruiter_candidate_save | ts=2026-05-19T11:34:01.488110Z
[AUDIT] INFO | CANDIDATE_SAVE | actor=rec-abc123 | candidate=cand-xyz456 tag=shortlist | ts=2026-05-19T11:34:01.489616Z
]]></system-err>
  </testcase>
  <testcase name="testTeamInvite" classname="io.ecoskiller.recruiter.RecruiterMcpServerTest" time="0.008">
    <system-out><![CDATA[✅ recruiter_team_invite: PASS
]]></system-out>
    <system-err><![CDATA[[AUDIT] INFO | TOOL_CALL | actor=tok | recruiter_team_invite | ts=2026-05-19T11:34:01.494174100Z
[AUDIT] INFO | TEAM_INVITE | actor=rec-abc123 | invitee=manager@company.com role=HIRING_MANAGER | ts=2026-05-19T11:34:01.494700200Z
]]></system-err>
  </testcase>
  <testcase name="testTeamInvite_InvalidRole_Rejected" classname="io.ecoskiller.recruiter.RecruiterMcpServerTest" time="0.003">
    <system-out><![CDATA[✅ team invite role validation: PASS
]]></system-out>
    <system-err><![CDATA[[AUDIT] INFO | TOOL_CALL | actor=tok | recruiter_team_invite | ts=2026-05-19T11:34:01.502758100Z
[AUDIT] ERROR | SECURITY_VIOLATION | actor=tok | recruiter_team_invite: Invalid role 'SUPER_ADMIN'. Allowed: RECRUITER, ADMIN, HI | ts=2026-05-19T11:34:01.503766600Z
]]></system-err>
  </testcase>
  <testcase name="testWebhookRegister_ValidHttps" classname="io.ecoskiller.recruiter.RecruiterMcpServerTest" time="0.003">
    <system-out><![CDATA[✅ recruiter_webhook_register (HTTPS): PASS
]]></system-out>
    <system-err><![CDATA[[AUDIT] INFO | TOOL_CALL | actor=tok | recruiter_webhook_register | ts=2026-05-19T11:34:01.506789200Z
[AUDIT] INFO | WEBHOOK_REGISTER | actor=rec-abc123 | url=https://external-ats.company.com/webhook event=candidate_hired | ts=2026-05-19T11:34:01.507786700Z
]]></system-err>
  </testcase>
  <testcase name="testWebhookRegister_HttpUrl_Rejected" classname="io.ecoskiller.recruiter.RecruiterMcpServerTest" time="0.003">
    <system-out><![CDATA[✅ webhook HTTP rejection (SSRF guard): PASS
]]></system-out>
    <system-err><![CDATA[[AUDIT] INFO | TOOL_CALL | actor=tok | recruiter_webhook_register | ts=2026-05-19T11:34:01.510772900Z
[AUDIT] ERROR | SECURITY_VIOLATION | actor=tok | recruiter_webhook_register: Webhook URL must be HTTPS and well-formed: http://in | ts=2026-05-19T11:34:01.511771500Z
]]></system-err>
  </testcase>
  <testcase name="testWebhookRegister_InternalIp_Rejected" classname="io.ecoskiller.recruiter.RecruiterMcpServerTest" time="0.002">
    <system-out><![CDATA[✅ webhook SSRF (private IP) guard: PASS
]]></system-out>
    <system-err><![CDATA[[AUDIT] INFO | TOOL_CALL | actor=tok | recruiter_webhook_register | ts=2026-05-19T11:34:01.515080Z
[AUDIT] ERROR | SECURITY_VIOLATION | actor=tok | recruiter_webhook_register: Webhook URL must not target internal/private address | ts=2026-05-19T11:34:01.515819700Z
]]></system-err>
  </testcase>
  <testcase name="testSubscriptionUpgrade" classname="io.ecoskiller.recruiter.RecruiterMcpServerTest" time="0.004">
    <system-out><![CDATA[✅ recruiter_subscription_upgrade: PASS
]]></system-out>
    <system-err><![CDATA[[AUDIT] INFO | TOOL_CALL | actor=tok | recruiter_subscription_upgrade | ts=2026-05-19T11:34:01.521028700Z
[AUDIT] INFO | SUBSCRIPTION_UPGRADE | actor=rec-abc123 | new_tier=enterprise billing=annual | ts=2026-05-19T11:34:01.521576700Z
]]></system-err>
  </testcase>
  <testcase name="testSubscriptionUpgrade_ToStarter_Rejected" classname="io.ecoskiller.recruiter.RecruiterMcpServerTest" time="0.003">
    <system-out><![CDATA[✅ subscription upgrade to starter guard: PASS
]]></system-out>
    <system-err><![CDATA[[AUDIT] INFO | TOOL_CALL | actor=tok | recruiter_subscription_upgrade | ts=2026-05-19T11:34:01.525706900Z
[AUDIT] ERROR | AGENT_ERROR | actor=tok | recruiter_subscription_upgrade: Cannot upgrade to starter — use downgrade endpoi | ts=2026-05-19T11:34:01.526713800Z
]]></system-err>
  </testcase>
  <testcase name="testAnalyticsGet" classname="io.ecoskiller.recruiter.RecruiterMcpServerTest" time="0.005">
    <system-out><![CDATA[✅ recruiter_analytics_get: PASS
]]></system-out>
    <system-err><![CDATA[[AUDIT] INFO | TOOL_CALL | actor=tok | recruiter_analytics_get | ts=2026-05-19T11:34:01.530508200Z
[AUDIT] INFO | ANALYTICS_GET | actor=rec-abc123 | metric=all from=2026-01-01 | ts=2026-05-19T11:34:01.531016200Z
]]></system-err>
  </testcase>
  <testcase name="testAnalyticsGet_BadDateFormat_Rejected" classname="io.ecoskiller.recruiter.RecruiterMcpServerTest" time="0.002">
    <system-out><![CDATA[✅ analytics date format validation: PASS
]]></system-out>
    <system-err><![CDATA[[AUDIT] INFO | TOOL_CALL | actor=tok | recruiter_analytics_get | ts=2026-05-19T11:34:01.535852500Z
[AUDIT] ERROR | AGENT_ERROR | actor=tok | recruiter_analytics_get: date_from must be YYYY-MM-DD | ts=2026-05-19T11:34:01.536395300Z
]]></system-err>
  </testcase>
  <testcase name="testAuditLogQuery" classname="io.ecoskiller.recruiter.RecruiterMcpServerTest" time="0.008">
    <system-out><![CDATA[✅ recruiter_audit_log_query: PASS
]]></system-out>
    <system-err><![CDATA[[AUDIT] INFO | TOOL_CALL | actor=tok | recruiter_audit_log_query | ts=2026-05-19T11:34:01.539516300Z
[AUDIT] INFO | AUDIT_LOG_QUERY | actor=rec-abc123 | action=ALL resource=ALL | ts=2026-05-19T11:34:01.540216100Z
]]></system-err>
  </testcase>
  <testcase name="testAllToolsHaveJwtTokenAndDescription" classname="io.ecoskiller.recruiter.RecruiterMcpServerTest" time="0.005">
    <system-out><![CDATA[✅ all 18 agents: description + jwt_token verified: PASS
]]></system-out>
  </testcase>
  <testcase name="testMalformedJson_ParseError" classname="io.ecoskiller.recruiter.RecruiterMcpServerTest" time="0.002">
    <system-out><![CDATA[✅ malformed JSON -32700: PASS
]]></system-out>
  </testcase>
  <testcase name="testUnknownMethod" classname="io.ecoskiller.recruiter.RecruiterMcpServerTest" time="0.001">
    <system-out><![CDATA[✅ unknown method -32601: PASS
]]></system-out>
  </testcase>
  <testcase name="testPathTraversalInToolName" classname="io.ecoskiller.recruiter.RecruiterMcpServerTest" time="0.003">
    <system-out><![CDATA[✅ tool name injection guard: PASS
]]></system-out>
    <system-err><![CDATA[[AUDIT] WARN | INVALID_TOOL_NAME | actor=unknown | ../etc/passwd | ts=2026-05-19T11:34:01.561519300Z
]]></system-err>
  </testcase>
  <testcase name="testSqlInjectionInRecruiterId" classname="io.ecoskiller.recruiter.RecruiterMcpServerTest" time="0.002">
    <system-out><![CDATA[✅ SQL injection in recruiter_id guard: PASS
]]></system-out>
    <system-err><![CDATA[[AUDIT] INFO | TOOL_CALL | actor=t | recruiter_profile_get | ts=2026-05-19T11:34:01.564039900Z
[AUDIT] ERROR | SECURITY_VIOLATION | actor=t | recruiter_profile_get: Invalid recruiter_id format: '; DROP TABLE recruiter;-- | ts=2026-05-19T11:34:01.564039900Z
]]></system-err>
  </testcase>
</testsuite>